<?xml version="1.0" encoding="UTF-8"?>
<!-- Generated by org.testng.reporters.JUnitReportReporter -->
<testsuite hostname="Rohini" failures="0" tests="1" name="test.LoginTest" time="14.104" errors="0" timestamp="2023-10-09T12:38:22 CDT" skipped="0">
  <testcase classname="test.LoginTest" name="validUserShouldBeAbleToLogin" time="14.104"/>
</testsuite> <!-- test.LoginTest -->
