<?xml version="1.0" encoding="UTF-8"?>
<!-- Generated by org.testng.reporters.JUnitReportReporter -->
<testsuite hostname="Rohini" failures="0" tests="1" name="test.AddCustomerTest" time="17.814" errors="0" timestamp="2023-10-10T00:31:03 CDT" skipped="0">
  <testcase classname="test.AddCustomerTest" name="userShouldBeAbleToAddCustomer" time="17.814"/>
</testsuite> <!-- test.AddCustomerTest -->
